<?xml version="1.0" encoding="UTF-8"?>
<!-- Generated by org.testng.reporters.JUnitXMLReporter -->
<testsuite hostname="DESKTOP-EEV72M3" ignored="2" name="sampleTest" tests="1" failures="1" timestamp="05 Nov 2019 22:36:23 GMT" time="22.572" errors="0">
  <testcase name="search" time="9.865" classname="practice.test.SmokeTest">
    <failure type="org.openqa.selenium.NoSuchElementException" message="no such element: Unable to locate element: {&amp;quot;method&amp;quot;:&amp;quot;xpath&amp;quot;,&amp;quot;selector&amp;quot;:&amp;quot;//div[@class=&amp;apos;Col-favj32-0 h-padding-h-default h-padding-t-tight styles__StyledCol-sc-1n8m629-12 eiisQZ&amp;apos;]/div[3]/div[1]/div[2]/div[3]/button/img&amp;quot;}
  (Session info: chrome=78.0.3904.87)
For documentation on this error, please visit: http://seleniumhq.org/exceptions/no_such_element.html
Build info: version: &amp;apos;3.141.0&amp;apos;, revision: &amp;apos;2ecb7d9a&amp;apos;, time: &amp;apos;2018-10-31T20:09:30&amp;apos;
System info: host: &amp;apos;DESKTOP-EEV72M3&amp;apos;, ip: &amp;apos;192.168.86.45&amp;apos;, os.name: &amp;apos;Windows 10&amp;apos;, os.arch: &amp;apos;amd64&amp;apos;, os.version: &amp;apos;10.0&amp;apos;, java.version: &amp;apos;1.8.0_211&amp;apos;
Driver info: org.openqa.selenium.chrome.ChromeDriver
Capabilities {acceptInsecureCerts: false, browserName: chrome, browserVersion: 78.0.3904.87, chrome: {chromedriverVersion: 77.0.3865.40 (f484704e052e0..., userDataDir: C:\Users\Urmi\AppData\Local...}, goog:chromeOptions: {debuggerAddress: localhost:61564}, javascriptEnabled: true, networkConnectionEnabled: false, pageLoadStrategy: normal, platform: XP, platformName: XP, proxy: Proxy(), setWindowRect: true, strictFileInteractability: false, timeouts: {implicit: 0, pageLoad: 300000, script: 30000}, unhandledPromptBehavior: dismiss and notify}
Session ID: 890b108d6825591e2f8d9261cf47d804
*** Element info: {Using=xpath, value=//div[@class=&amp;apos;Col-favj32-0 h-padding-h-default h-padding-t-tight styles__StyledCol-sc-1n8m629-12 eiisQZ&amp;apos;]/div[3]/div[1]/div[2]/div[3]/button/img}">
      <![CDATA[org.openqa.selenium.NoSuchElementException: no such element: Unable to locate element: {"method":"xpath","selector":"//div[@class='Col-favj32-0 h-padding-h-default h-padding-t-tight styles__StyledCol-sc-1n8m629-12 eiisQZ']/div[3]/div[1]/div[2]/div[3]/button/img"}
  (Session info: chrome=78.0.3904.87)
For documentation on this error, please visit: http://seleniumhq.org/exceptions/no_such_element.html
Build info: version: '3.141.0', revision: '2ecb7d9a', time: '2018-10-31T20:09:30'
System info: host: 'DESKTOP-EEV72M3', ip: '192.168.86.45', os.name: 'Windows 10', os.arch: 'amd64', os.version: '10.0', java.version: '1.8.0_211'
Driver info: org.openqa.selenium.chrome.ChromeDriver
Capabilities {acceptInsecureCerts: false, browserName: chrome, browserVersion: 78.0.3904.87, chrome: {chromedriverVersion: 77.0.3865.40 (f484704e052e0..., userDataDir: C:\Users\Urmi\AppData\Local...}, goog:chromeOptions: {debuggerAddress: localhost:61564}, javascriptEnabled: true, networkConnectionEnabled: false, pageLoadStrategy: normal, platform: XP, platformName: XP, proxy: Proxy(), setWindowRect: true, strictFileInteractability: false, timeouts: {implicit: 0, pageLoad: 300000, script: 30000}, unhandledPromptBehavior: dismiss and notify}
Session ID: 890b108d6825591e2f8d9261cf47d804
*** Element info: {Using=xpath, value=//div[@class='Col-favj32-0 h-padding-h-default h-padding-t-tight styles__StyledCol-sc-1n8m629-12 eiisQZ']/div[3]/div[1]/div[2]/div[3]/button/img}
at org.openqa.selenium.remote.http.W3CHttpResponseCodec.createException(W3CHttpResponseCodec.java:187)
at org.openqa.selenium.remote.http.W3CHttpResponseCodec.decode(W3CHttpResponseCodec.java:122)
at org.openqa.selenium.remote.http.W3CHttpResponseCodec.decode(W3CHttpResponseCodec.java:49)
at org.openqa.selenium.remote.HttpCommandExecutor.execute(HttpCommandExecutor.java:158)
at org.openqa.selenium.remote.service.DriverCommandExecutor.execute(DriverCommandExecutor.java:83)
at org.openqa.selenium.remote.RemoteWebDriver.execute(RemoteWebDriver.java:552)
at org.openqa.selenium.remote.RemoteWebDriver.findElement(RemoteWebDriver.java:323)
at org.openqa.selenium.remote.RemoteWebDriver.findElementByXPath(RemoteWebDriver.java:428)
at org.openqa.selenium.By$ByXPath.findElement(By.java:353)
at org.openqa.selenium.remote.RemoteWebDriver.findElement(RemoteWebDriver.java:315)
at org.openqa.selenium.support.pagefactory.DefaultElementLocator.findElement(DefaultElementLocator.java:69)
at org.openqa.selenium.support.pagefactory.internal.LocatingElementHandler.invoke(LocatingElementHandler.java:38)
at com.sun.proxy.$Proxy17.click(Unknown Source)
at utility.Shared.click(Shared.java:47)
at pages.ShirtsformenPage.selectcolor(ShirtsformenPage.java:38)
at practice.test.SmokeTest.search(SmokeTest.java:29)
... Removed 29 stack frames]]>
    </failure>
  </testcase> <!-- search -->
  <testcase name="catagory" time="0.0" classname="practice.test.SmokeTest">
    <ignored/>
  </testcase> <!-- catagory -->
  <testcase name="signin" time="0.0" classname="practice.test.SmokeTest">
    <ignored/>
  </testcase> <!-- signin -->
</testsuite> <!-- sampleTest -->
