<?xml version="1.0" encoding="UTF-8"?>
<!-- Generated by org.testng.reporters.JUnitXMLReporter -->
<testsuite hostname="DESKTOP-EEV72M3" ignored="8" name="Command line test" tests="5" failures="0" timestamp="07 Dec 2019 22:16:14 GMT" time="0.033" errors="0">
  <testcase name="@BeforeClass beforeClass" time="0.0" classname="practice.test.BaseTest">
    <failure type="java.lang.NullPointerException">
      <![CDATA[java.lang.NullPointerException
at practice.test.BaseTest.beforeClass(BaseTest.java:86)
... Removed 36 stack frames]]>
    </failure>
  </testcase> <!-- @BeforeClass beforeClass -->
  <testcase name="@BeforeMethod beforeMethod" time="0.0" classname="practice.test.BaseTest">
    <skipped/>
  </testcase> <!-- @BeforeMethod beforeMethod -->
  <testcase name="@AfterMethod afterMethod" time="0.0" classname="practice.test.BaseTest">
    <skipped/>
  </testcase> <!-- @AfterMethod afterMethod -->
  <testcase name="@AfterClass afterClass" time="0.0" classname="practice.test.BaseTest">
    <skipped/>
  </testcase> <!-- @AfterClass afterClass -->
  <testcase name="@BeforeClass beforeClass" time="0.0" classname="practice.test.BaseTest">
    <skipped/>
  </testcase> <!-- @BeforeClass beforeClass -->
  <testcase name="@BeforeMethod beforeMethod" time="0.0" classname="practice.test.BaseTest">
    <skipped/>
  </testcase> <!-- @BeforeMethod beforeMethod -->
  <testcase name="@AfterMethod afterMethod" time="0.0" classname="practice.test.BaseTest">
    <skipped/>
  </testcase> <!-- @AfterMethod afterMethod -->
  <testcase name="@BeforeMethod beforeMethod" time="0.0" classname="practice.test.BaseTest">
    <skipped/>
  </testcase> <!-- @BeforeMethod beforeMethod -->
  <testcase name="@AfterMethod afterMethod" time="0.0" classname="practice.test.BaseTest">
    <skipped/>
  </testcase> <!-- @AfterMethod afterMethod -->
  <testcase name="@BeforeMethod beforeMethod" time="0.0" classname="practice.test.BaseTest">
    <skipped/>
  </testcase> <!-- @BeforeMethod beforeMethod -->
  <testcase name="@AfterMethod afterMethod" time="0.0" classname="practice.test.BaseTest">
    <skipped/>
  </testcase> <!-- @AfterMethod afterMethod -->
  <testcase name="@BeforeMethod beforeMethod" time="0.0" classname="practice.test.BaseTest">
    <skipped/>
  </testcase> <!-- @BeforeMethod beforeMethod -->
  <testcase name="@AfterMethod afterMethod" time="0.0" classname="practice.test.BaseTest">
    <skipped/>
  </testcase> <!-- @AfterMethod afterMethod -->
  <testcase name="@AfterClass afterClass" time="0.0" classname="practice.test.BaseTest">
    <skipped/>
  </testcase> <!-- @AfterClass afterClass -->
  <testcase name="@AfterTest afterTest" time="0.0" classname="practice.test.BaseTest">
    <skipped/>
  </testcase> <!-- @AfterTest afterTest -->
  <testcase name="signin" time="0.0" classname="practice.test.IntegrationTest">
    <skipped/>
  </testcase> <!-- signin -->
  <testcase name="catagory" time="0.0" classname="practice.test.SmokeTest">
    <skipped/>
  </testcase> <!-- catagory -->
  <testcase name="signin" time="0.0" classname="practice.test.SmokeTest">
    <skipped/>
  </testcase> <!-- signin -->
  <testcase name="signin" time="0.0" classname="practice.test.SmokeTest">
    <skipped/>
  </testcase> <!-- signin -->
  <testcase name="search" time="0.0" classname="practice.test.SmokeTest">
    <skipped/>
  </testcase> <!-- search -->
  <testcase name="@AfterTest afterTest" time="0.0" classname="practice.test.BaseTest">
    <ignored/>
  </testcase> <!-- @AfterTest afterTest -->
  <testcase name="@AfterTest afterTest" time="0.0" classname="practice.test.BaseTest">
    <ignored/>
  </testcase> <!-- @AfterTest afterTest -->
  <testcase name="@BeforeSuite beforeSuit" time="0.0" classname="practice.test.BaseTest">
    <ignored/>
  </testcase> <!-- @BeforeSuite beforeSuit -->
  <testcase name="@BeforeSuite beforeSuit" time="0.0" classname="practice.test.BaseTest">
    <ignored/>
  </testcase> <!-- @BeforeSuite beforeSuit -->
  <testcase name="@BeforeTest beforeTest" time="0.0" classname="practice.test.BaseTest">
    <ignored/>
  </testcase> <!-- @BeforeTest beforeTest -->
  <testcase name="@BeforeTest beforeTest" time="0.0" classname="practice.test.BaseTest">
    <ignored/>
  </testcase> <!-- @BeforeTest beforeTest -->
  <testcase name="@AfterSuite afterSuite" time="0.0" classname="practice.test.BaseTest">
    <ignored/>
  </testcase> <!-- @AfterSuite afterSuite -->
  <testcase name="@AfterSuite afterSuite" time="0.0" classname="practice.test.BaseTest">
    <ignored/>
  </testcase> <!-- @AfterSuite afterSuite -->
</testsuite> <!-- Command line test -->
