<?xml version="1.0" encoding="UTF-8" ?>
<testsuite tests="21" failures="1" name="TestSuite" time="11.922" errors="0" skipped="20">
  <properties>
[...]
</properties>
  <testcase classname="practice.test.IntegrationTest" name="beforeClass" time="0.553">
    <failure type="java.lang.NullPointerException">java.lang.NullPointerException
	at practice.test.BaseTest.beforeClass(BaseTest.java:86)
	at sun.reflect.NativeMethodAccessorImpl.invoke0(Native Method)
	at sun.reflect.NativeMethodAccessorImpl.invoke(NativeMethodAccessorImpl.java:62)
	at sun.reflect.DelegatingMethodAccessorImpl.invoke(DelegatingMethodAccessorImpl.java:43)
	at java.lang.reflect.Method.invoke(Method.java:498)
	at org.testng.internal.MethodInvocationHelper.invokeMethod(MethodInvocationHelper.java:124)
	at org.testng.internal.MethodInvocationHelper.invokeMethodConsideringTimeout(MethodInvocationHelper.java:59)
	at org.testng.internal.Invoker.invokeConfigurationMethod(Invoker.java:455)
	at org.testng.internal.Invoker.invokeConfigurations(Invoker.java:222)
	at org.testng.internal.Invoker.invokeConfigurations(Invoker.java:142)
	at org.testng.internal.TestMethodWorker.invokeBeforeClassMethods(TestMethodWorker.java:168)
	at org.testng.internal.TestMethodWorker.run(TestMethodWorker.java:105)
	at org.testng.TestRunner.privateRun(TestRunner.java:648)
	at org.testng.TestRunner.run(TestRunner.java:505)
	at org.testng.SuiteRunner.runTest(SuiteRunner.java:455)
	at org.testng.SuiteRunner.runSequentially(SuiteRunner.java:450)
	at org.testng.SuiteRunner.privateRun(SuiteRunner.java:415)
	at org.testng.SuiteRunner.run(SuiteRunner.java:364)
	at org.testng.SuiteRunnerWorker.runSuite(SuiteRunnerWorker.java:52)
	at org.testng.SuiteRunnerWorker.run(SuiteRunnerWorker.java:84)
	at org.testng.TestNG.runSuitesSequentially(TestNG.java:1208)
	at org.testng.TestNG.runSuitesLocally(TestNG.java:1137)
	at org.testng.TestNG.runSuites(TestNG.java:1049)
	at org.testng.TestNG.run(TestNG.java:1017)
	at org.apache.maven.surefire.testng.TestNGExecutor.run(TestNGExecutor.java:77)
	at org.apache.maven.surefire.testng.TestNGDirectoryTestSuite.executeMulti(TestNGDirectoryTestSuite.java:159)
	at org.apache.maven.surefire.testng.TestNGDirectoryTestSuite.execute(TestNGDirectoryTestSuite.java:99)
	at org.apache.maven.surefire.testng.TestNGProvider.invoke(TestNGProvider.java:106)
	at sun.reflect.NativeMethodAccessorImpl.invoke0(Native Method)
	at sun.reflect.NativeMethodAccessorImpl.invoke(NativeMethodAccessorImpl.java:62)
	at sun.reflect.DelegatingMethodAccessorImpl.invoke(DelegatingMethodAccessorImpl.java:43)
	at java.lang.reflect.Method.invoke(Method.java:498)
	at org.apache.maven.surefire.util.ReflectionUtils.invokeMethodWithArray(ReflectionUtils.java:189)
	at org.apache.maven.surefire.booter.ProviderFactory$ProviderProxy.invoke(ProviderFactory.java:165)
	at org.apache.maven.surefire.booter.ProviderFactory.invokeProvider(ProviderFactory.java:85)
	at org.apache.maven.surefire.booter.ForkedBooter.runSuitesInProcess(ForkedBooter.java:115)
	at org.apache.maven.surefire.booter.ForkedBooter.main(ForkedBooter.java:75)
</failure>
    <system-out>Configuring TestNG with: org.apache.maven.surefire.testng.conf.TestNG652Configurator@4aa8f0b4
 INFO 2019-12-07 17:16:14,666[mm:ss] (BaseTest.java:beforeSuit:44) - File initialized
beforeTest
</system-out>
  </testcase>
  <testcase classname="practice.test.IntegrationTest" name="beforeMethod" time="0.561">
    <skipped/>
  </testcase>
  <testcase classname="practice.test.IntegrationTest" name="signin" time="0.561">
    <skipped/>
  </testcase>
  <testcase classname="practice.test.IntegrationTest" name="afterMethod" time="0.561">
    <skipped/>
  </testcase>
  <testcase classname="practice.test.IntegrationTest" name="afterClass" time="0.562">
    <skipped/>
  </testcase>
  <testcase classname="practice.test.SmokeTest" name="beforeClass" time="0.563">
    <skipped/>
  </testcase>
  <testcase classname="practice.test.SmokeTest" name="beforeMethod" time="0.563">
    <skipped/>
  </testcase>
  <testcase classname="practice.test.SmokeTest" name="catagory" time="0.563">
    <skipped/>
  </testcase>
  <testcase classname="practice.test.SmokeTest" name="afterMethod" time="0.563">
    <skipped/>
  </testcase>
  <testcase classname="practice.test.SmokeTest" name="beforeMethod" time="0.566">
    <skipped/>
  </testcase>
  <testcase classname="practice.test.SmokeTest" name="signin" time="0.566">
    <skipped/>
  </testcase>
  <testcase classname="practice.test.SmokeTest" name="afterMethod" time="0.567">
    <skipped/>
  </testcase>
  <testcase classname="practice.test.SmokeTest" name="beforeMethod" time="0.567">
    <skipped/>
  </testcase>
  <testcase classname="practice.test.SmokeTest" name="signin" time="0.567">
    <skipped/>
  </testcase>
  <testcase classname="practice.test.SmokeTest" name="afterMethod" time="0.567">
    <skipped/>
  </testcase>
  <testcase classname="practice.test.SmokeTest" name="beforeMethod" time="0.567">
    <skipped/>
  </testcase>
  <testcase classname="practice.test.SmokeTest" name="search" time="0.568">
    <skipped/>
  </testcase>
  <testcase classname="practice.test.SmokeTest" name="afterMethod" time="0.568">
    <skipped/>
  </testcase>
  <testcase classname="practice.test.SmokeTest" name="afterClass" time="0.568">
    <skipped/>
  </testcase>
  <testcase classname="practice.test.BaseTest" name="afterTest" time="0.568">
    <skipped/>
  </testcase>
  <testcase classname="practice.test.BaseTest" name="afterSuite" time="0.633">
    <skipped/>
  </testcase>
</testsuite>