<?xml version="1.0" encoding="UTF-8"?>
<testng-results skipped="0" failed="0" ignored="0" total="2" passed="2">
  <reporter-output>
  </reporter-output>
  <suite name="Default suite" duration-ms="31879" started-at="2019-12-16T18:40:57Z" finished-at="2019-12-16T18:41:29Z">
    <groups>
    </groups>
    <test name="Default test" duration-ms="31879" started-at="2019-12-16T18:40:57Z" finished-at="2019-12-16T18:41:29Z">
      <class name="practice.test.SmokeTest">
        <test-method status="PASS" signature="beforeSuit()[pri:0, instance:practice.test.SmokeTest@3bfdc050]" name="beforeSuit" is-config="true" duration-ms="93" started-at="2019-12-16T18:40:57Z" finished-at="2019-12-16T18:40:57Z">
          <reporter-output>
          </reporter-output>
        </test-method> <!-- beforeSuit -->
        <test-method status="PASS" signature="beforeTest()[pri:0, instance:practice.test.SmokeTest@3bfdc050]" name="beforeTest" is-config="true" duration-ms="3" started-at="2019-12-16T18:40:57Z" finished-at="2019-12-16T18:40:57Z">
          <reporter-output>
          </reporter-output>
        </test-method> <!-- beforeTest -->
        <test-method status="PASS" signature="beforeClass()[pri:0, instance:practice.test.SmokeTest@3bfdc050]" name="beforeClass" is-config="true" duration-ms="3300" started-at="2019-12-16T18:40:57Z" finished-at="2019-12-16T18:41:01Z">
          <reporter-output>
          </reporter-output>
        </test-method> <!-- beforeClass -->
        <test-method status="PASS" signature="beforeMethod()[pri:0, instance:practice.test.SmokeTest@3bfdc050]" name="beforeMethod" is-config="true" duration-ms="4723" started-at="2019-12-16T18:41:01Z" finished-at="2019-12-16T18:41:05Z">
          <reporter-output>
          </reporter-output>
        </test-method> <!-- beforeMethod -->
        <test-method status="PASS" signature="signin(java.lang.String, java.lang.String)[pri:2, instance:practice.test.SmokeTest@3bfdc050]" name="signin" duration-ms="8125" started-at="2019-12-16T18:41:05Z" data-provider="login" finished-at="2019-12-16T18:41:14Z">
          <params>
            <param index="0">
              <value>
                <![CDATA[myemail]]>
              </value>
            </param>
            <param index="1">
              <value>
                <![CDATA[mypassword]]>
              </value>
            </param>
          </params>
          <reporter-output>
          </reporter-output>
        </test-method> <!-- signin -->
        <test-method status="PASS" signature="afterMethod(org.testng.ITestResult)[pri:0, instance:practice.test.SmokeTest@3bfdc050]" name="afterMethod" is-config="true" duration-ms="1" started-at="2019-12-16T18:41:14Z" finished-at="2019-12-16T18:41:14Z">
          <params>
            <param index="0">
              <value>
                <![CDATA[[TestResult name=signin status=SUCCESS method=SmokeTest.signin(java.lang.String, java.lang.String)[pri:2, instance:practice.test.SmokeTest@3bfdc050] output={null}]]]>
              </value>
            </param>
          </params>
          <reporter-output>
          </reporter-output>
        </test-method> <!-- afterMethod -->
        <test-method status="PASS" signature="beforeMethod()[pri:0, instance:practice.test.SmokeTest@3bfdc050]" name="beforeMethod" is-config="true" duration-ms="2076" started-at="2019-12-16T18:41:14Z" finished-at="2019-12-16T18:41:16Z">
          <reporter-output>
          </reporter-output>
        </test-method> <!-- beforeMethod -->
        <test-method status="PASS" signature="signin(java.lang.String, java.lang.String)[pri:2, instance:practice.test.SmokeTest@3bfdc050]" name="signin" duration-ms="8007" started-at="2019-12-16T18:41:16Z" data-provider="login" finished-at="2019-12-16T18:41:24Z">
          <params>
            <param index="0">
              <value>
                <![CDATA[myemail1]]>
              </value>
            </param>
            <param index="1">
              <value>
                <![CDATA[mypassword1]]>
              </value>
            </param>
          </params>
          <reporter-output>
          </reporter-output>
        </test-method> <!-- signin -->
        <test-method status="PASS" signature="afterMethod(org.testng.ITestResult)[pri:0, instance:practice.test.SmokeTest@3bfdc050]" name="afterMethod" is-config="true" duration-ms="1" started-at="2019-12-16T18:41:24Z" finished-at="2019-12-16T18:41:24Z">
          <params>
            <param index="0">
              <value>
                <![CDATA[[TestResult name=signin status=SUCCESS method=SmokeTest.signin(java.lang.String, java.lang.String)[pri:2, instance:practice.test.SmokeTest@3bfdc050] output={null}]]]>
              </value>
            </param>
          </params>
          <reporter-output>
          </reporter-output>
        </test-method> <!-- afterMethod -->
        <test-method status="PASS" signature="afterClass()[pri:0, instance:practice.test.SmokeTest@3bfdc050]" name="afterClass" is-config="true" duration-ms="614" started-at="2019-12-16T18:41:24Z" finished-at="2019-12-16T18:41:24Z">
          <reporter-output>
          </reporter-output>
        </test-method> <!-- afterClass -->
        <test-method status="PASS" signature="afterTest()[pri:0, instance:practice.test.SmokeTest@3bfdc050]" name="afterTest" is-config="true" duration-ms="5001" started-at="2019-12-16T18:41:24Z" finished-at="2019-12-16T18:41:29Z">
          <reporter-output>
          </reporter-output>
        </test-method> <!-- afterTest -->
        <test-method status="PASS" signature="afterSuite()[pri:0, instance:practice.test.SmokeTest@3bfdc050]" name="afterSuite" is-config="true" duration-ms="0" started-at="2019-12-16T18:41:29Z" finished-at="2019-12-16T18:41:29Z">
          <reporter-output>
          </reporter-output>
        </test-method> <!-- afterSuite -->
      </class> <!-- practice.test.SmokeTest -->
    </test> <!-- Default test -->
  </suite> <!-- Default suite -->
</testng-results>
